# JRE version: 7.0_11-b21
# Java VM: Java HotSpot(TM) Client VM (23.6-b04 mixed mode windows-x86 )
Heap
 def new generation   total 14784K, used 10053K [0x122e0000, 0x132e0000, 0x142e0000)
  eden space 13184K,  68% used [0x122e0000, 0x12ba63a8, 0x12fc0000)
  from space 1600K,  66% used [0x12fc0000, 0x130cb1e8, 0x13150000)
  to   space 1600K,   0% used [0x13150000, 0x13150000, 0x132e0000)
 tenured generation   total 49152K, used 31466K [0x142e0000, 0x172e0000, 0x1a2e0000)
   the space 49152K,  64% used [0x142e0000, 0x1619aa50, 0x1619ac00, 0x172e0000)
 compacting perm gen  total 32768K, used 26601K [0x1a2e0000, 0x1c2e0000, 0x202e0000)
   the space 32768K,  81% used [0x1a2e0000, 0x1bcda730, 0x1bcda800, 0x1c2e0000)
GC Heap History (10 events):
Event: 8.129 GC heap before
{Heap before GC invocations=93 (full 0):
 def new generation   total 14784K, used 13747K [0x122e0000, 0x132e0000, 0x142e0000)
  eden space 13184K, 100% used [0x122e0000, 0x12fc0000, 0x12fc0000)
  from space 1600K,  35% used [0x13150000, 0x131dcc40, 0x132e0000)
  to   space 1600K,   0% used [0x12fc0000, 0x12fc0000, 0x13150000)
 tenured generation   total 49152K, used 31206K [0x142e0000, 0x172e0000, 0x1a2e0000)
   the space 49152K,  63% used [0x142e0000, 0x16159918, 0x16159a00, 0x172e0000)
 compacting perm gen  total 32768K, used 26590K [0x1a2e0000, 0x1c2e0000, 0x202e0000)
   the space 32768K,  81% used [0x1a2e0000, 0x1bcd79c8, 0x1bcd7a00, 0x1c2e0000)
No shared spaces configured.
Event: 8.133 GC heap after
Heap after GC invocations=94 (full 0):
 def new generation   total 14784K, used 743K [0x122e0000, 0x132e0000, 0x142e0000)
  eden space 13184K,   0% used [0x122e0000, 0x122e0000, 0x12fc0000)
  from space 1600K,  46% used [0x12fc0000, 0x13079f20, 0x13150000)
  to   space 1600K,   0% used [0x13150000, 0x13150000, 0x132e0000)
 tenured generation   total 49152K, used 31206K [0x142e0000, 0x172e0000, 0x1a2e0000)
   the space 49152K,  63% used [0x142e0000, 0x16159918, 0x16159a00, 0x172e0000)
 compacting perm gen  total 32768K, used 26590K [0x1a2e0000, 0x1c2e0000, 0x202e0000)
   the space 32768K,  81% used [0x1a2e0000, 0x1bcd79c8, 0x1bcd7a00, 0x1c2e0000)
No shared spaces configured.
}
Event: 8.204 GC heap before
{Heap before GC invocations=94 (full 0):
 def new generation   total 14784K, used 13927K [0x122e0000, 0x132e0000, 0x142e0000)
  eden space 13184K, 100% used [0x122e0000, 0x12fc0000, 0x12fc0000)
  from space 1600K,  46% used [0x12fc0000, 0x13079f20, 0x13150000)
  to   space 1600K,   0% used [0x13150000, 0x13150000, 0x132e0000)
 tenured generation   total 49152K, used 31206K [0x142e0000, 0x172e0000, 0x1a2e0000)
   the space 49152K,  63% used [0x142e0000, 0x16159918, 0x16159a00, 0x172e0000)
 compacting perm gen  total 32768K, used 26591K [0x1a2e0000, 0x1c2e0000, 0x202e0000)
   the space 32768K,  81% used [0x1a2e0000, 0x1bcd7ee8, 0x1bcd8000, 0x1c2e0000)
No shared spaces configured.
Event: 8.208 GC heap after
Heap after GC invocations=95 (full 0):
 def new generation   total 14784K, used 937K [0x122e0000, 0x132e0000, 0x142e0000)
  eden space 13184K,   0% used [0x122e0000, 0x122e0000, 0x12fc0000)
  from space 1600K,  58% used [0x13150000, 0x1323a6b0, 0x132e0000)
  to   space 1600K,   0% used [0x12fc0000, 0x12fc0000, 0x13150000)
 tenured generation   total 49152K, used 31206K [0x142e0000, 0x172e0000, 0x1a2e0000)
   the space 49152K,  63% used [0x142e0000, 0x16159918, 0x16159a00, 0x172e0000)
 compacting perm gen  total 32768K, used 26591K [0x1a2e0000, 0x1c2e0000, 0x202e0000)
   the space 32768K,  81% used [0x1a2e0000, 0x1bcd7ee8, 0x1bcd8000, 0x1c2e0000)
No shared spaces configured.
}
Event: 8.280 GC heap before
{Heap before GC invocations=95 (full 0):
 def new generation   total 14784K, used 14121K [0x122e0000, 0x132e0000, 0x142e0000)
  eden space 13184K, 100% used [0x122e0000, 0x12fc0000, 0x12fc0000)
  from space 1600K,  58% used [0x13150000, 0x1323a6b0, 0x132e0000)
  to   space 1600K,   0% used [0x12fc0000, 0x12fc0000, 0x13150000)
 tenured generation   total 49152K, used 31206K [0x142e0000, 0x172e0000, 0x1a2e0000)
   the space 49152K,  63% used [0x142e0000, 0x16159918, 0x16159a00, 0x172e0000)
 compacting perm gen  total 32768K, used 26593K [0x1a2e0000, 0x1c2e0000, 0x202e0000)
   the space 32768K,  81% used [0x1a2e0000, 0x1bcd8708, 0x1bcd8800, 0x1c2e0000)
No shared spaces configured.
Event: 8.284 GC heap after
Heap after GC invocations=96 (full 0):
 def new generation   total 14784K, used 699K [0x122e0000, 0x132e0000, 0x142e0000)
  eden space 13184K,   0% used [0x122e0000, 0x122e0000, 0x12fc0000)
  from space 1600K,  43% used [0x12fc0000, 0x1306ee48, 0x13150000)
  to   space 1600K,   0% used [0x13150000, 0x13150000, 0x132e0000)
 tenured generation   total 49152K, used 31466K [0x142e0000, 0x172e0000, 0x1a2e0000)
   the space 49152K,  64% used [0x142e0000, 0x1619aa50, 0x1619ac00, 0x172e0000)
 compacting perm gen  total 32768K, used 26593K [0x1a2e0000, 0x1c2e0000, 0x202e0000)
   the space 32768K,  81% used [0x1a2e0000, 0x1bcd8708, 0x1bcd8800, 0x1c2e0000)
No shared spaces configured.
}
Event: 8.356 GC heap before
{Heap before GC invocations=96 (full 0):
 def new generation   total 14784K, used 13883K [0x122e0000, 0x132e0000, 0x142e0000)
  eden space 13184K, 100% used [0x122e0000, 0x12fc0000, 0x12fc0000)
  from space 1600K,  43% used [0x12fc0000, 0x1306ee48, 0x13150000)
  to   space 1600K,   0% used [0x13150000, 0x13150000, 0x132e0000)
 tenured generation   total 49152K, used 31466K [0x142e0000, 0x172e0000, 0x1a2e0000)
   the space 49152K,  64% used [0x142e0000, 0x1619aa50, 0x1619ac00, 0x172e0000)
 compacting perm gen  total 32768K, used 26593K [0x1a2e0000, 0x1c2e0000, 0x202e0000)
   the space 32768K,  81% used [0x1a2e0000, 0x1bcd8708, 0x1bcd8800, 0x1c2e0000)
No shared spaces configured.
Event: 8.359 GC heap after
Heap after GC invocations=97 (full 0):
 def new generation   total 14784K, used 693K [0x122e0000, 0x132e0000, 0x142e0000)
  eden space 13184K,   0% used [0x122e0000, 0x122e0000, 0x12fc0000)
  from space 1600K,  43% used [0x13150000, 0x131fd7d8, 0x132e0000)
  to   space 1600K,   0% used [0x12fc0000, 0x12fc0000, 0x13150000)
 tenured generation   total 49152K, used 31466K [0x142e0000, 0x172e0000, 0x1a2e0000)
   the space 49152K,  64% used [0x142e0000, 0x1619aa50, 0x1619ac00, 0x172e0000)
 compacting perm gen  total 32768K, used 26593K [0x1a2e0000, 0x1c2e0000, 0x202e0000)
   the space 32768K,  81% used [0x1a2e0000, 0x1bcd8708, 0x1bcd8800, 0x1c2e0000)
No shared spaces configured.
}
Event: 8.494 GC heap before
{Heap before GC invocations=97 (full 0):
 def new generation   total 14784K, used 13877K [0x122e0000, 0x132e0000, 0x142e0000)
  eden space 13184K, 100% used [0x122e0000, 0x12fc0000, 0x12fc0000)
  from space 1600K,  43% used [0x13150000, 0x131fd7d8, 0x132e0000)
  to   space 1600K,   0% used [0x12fc0000, 0x12fc0000, 0x13150000)
 tenured generation   total 49152K, used 31466K [0x142e0000, 0x172e0000, 0x1a2e0000)
   the space 49152K,  64% used [0x142e0000, 0x1619aa50, 0x1619ac00, 0x172e0000)
 compacting perm gen  total 32768K, used 26598K [0x1a2e0000, 0x1c2e0000, 0x202e0000)
   the space 32768K,  81% used [0x1a2e0000, 0x1bcd9818, 0x1bcd9a00, 0x1c2e0000)
No shared spaces configured.
Event: 8.498 GC heap after
Heap after GC invocations=98 (full 0):
 def new generation   total 14784K, used 1068K [0x122e0000, 0x132e0000, 0x142e0000)
  eden space 13184K,   0% used [0x122e0000, 0x122e0000, 0x12fc0000)
  from space 1600K,  66% used [0x12fc0000, 0x130cb1e8, 0x13150000)
  to   space 1600K,   0% used [0x13150000, 0x13150000, 0x132e0000)
 tenured generation   total 49152K, used 31466K [0x142e0000, 0x172e0000, 0x1a2e0000)
   the space 49152K,  64% used [0x142e0000, 0x1619aa50, 0x1619ac00, 0x172e0000)
 compacting perm gen  total 32768K, used 26598K [0x1a2e0000, 0x1c2e0000, 0x202e0000)
   the space 32768K,  81% used [0x1a2e0000, 0x1bcd9818, 0x1bcd9a00, 0x1c2e0000)
No shared spaces configured.
}

